<?xml version="1.0" encoding="UTF-8"?>
<coverage generated="1564493025930" clover="3.2.0">
  <project timestamp="1564493025931" name="All files">
    <metrics statements="177" coveredstatements="153" conditionals="84" coveredconditionals="48" methods="87" coveredmethods="64" elements="348" coveredelements="265" complexity="0" loc="177" ncloc="177" packages="7" files="21" classes="21"/>
    <package name="components">
      <metrics statements="68" coveredstatements="62" conditionals="45" coveredconditionals="29" methods="34" coveredmethods="25"/>
      <file name="grid.js" path="/Users/fabiommmoreira/code/yld/yld.io/src/components/grid.js">
        <metrics statements="68" coveredstatements="62" conditionals="45" coveredconditionals="29" methods="34" coveredmethods="25"/>
        <line num="8" count="2" type="stmt"/>
        <line num="9" count="16" type="stmt"/>
        <line num="10" count="16" type="stmt"/>
        <line num="11" count="16" type="stmt"/>
        <line num="13" count="16" type="stmt"/>
        <line num="14" count="109" type="stmt"/>
        <line num="15" count="109" type="stmt"/>
        <line num="17" count="109" type="stmt"/>
        <line num="20" count="109" type="stmt"/>
        <line num="23" count="109" type="stmt"/>
        <line num="24" count="109" type="stmt"/>
        <line num="25" count="109" type="cond" truecount="3" falsecount="0"/>
        <line num="27" count="109" type="stmt"/>
        <line num="29" count="257" type="cond" truecount="2" falsecount="0"/>
        <line num="30" count="178" type="stmt"/>
        <line num="31" count="178" type="stmt"/>
        <line num="32" count="178" type="stmt"/>
        <line num="33" count="178" type="stmt"/>
        <line num="35" count="178" type="stmt"/>
        <line num="38" count="79" type="stmt"/>
        <line num="40" count="257" type="stmt"/>
        <line num="43" count="109" type="cond" truecount="2" falsecount="0"/>
        <line num="44" count="157" type="cond" truecount="2" falsecount="0"/>
        <line num="46" count="281" type="stmt"/>
        <line num="47" count="113" type="stmt"/>
        <line num="48" count="2" type="stmt"/>
        <line num="49" count="178" type="cond" truecount="2" falsecount="0"/>
        <line num="51" count="16" type="stmt"/>
        <line num="52" count="54" type="cond" truecount="2" falsecount="0"/>
        <line num="53" count="10" type="stmt"/>
        <line num="61" count="44" type="stmt"/>
        <line num="68" count="2" type="cond" truecount="0" falsecount="2"/>
        <line num="70" count="32" type="stmt"/>
        <line num="71" count="113" type="stmt"/>
        <line num="72" count="113" type="cond" truecount="2" falsecount="0"/>
        <line num="73" count="113" type="cond" truecount="1" falsecount="1"/>
        <line num="74" count="113" type="cond" truecount="2" falsecount="0"/>
        <line num="75" count="113" type="cond" truecount="3" falsecount="1"/>
        <line num="76" count="226" type="stmt"/>
        <line num="78" count="113" type="stmt"/>
        <line num="81" count="2" type="stmt"/>
        <line num="90" count="11" type="cond" truecount="1" falsecount="1"/>
        <line num="91" count="2" type="cond" truecount="0" falsecount="2"/>
        <line num="92" count="2" type="stmt"/>
        <line num="93" count="2" type="cond" truecount="0" falsecount="2"/>
        <line num="94" count="2" type="stmt"/>
        <line num="95" count="2" type="stmt"/>
        <line num="96" count="2" type="stmt"/>
        <line num="98" count="16" type="stmt"/>
        <line num="111" count="2" type="stmt"/>
        <line num="134" count="1" type="stmt"/>
        <line num="137" count="2" type="stmt"/>
        <line num="141" count="15" type="stmt"/>
        <line num="144" count="15" type="cond" truecount="2" falsecount="0"/>
        <line num="150" count="2" type="stmt"/>
        <line num="151" count="1" type="stmt"/>
        <line num="154" count="2" type="stmt"/>
        <line num="158" count="4" type="cond" truecount="1" falsecount="1"/>
        <line num="164" count="4" type="cond" truecount="1" falsecount="1"/>
        <line num="170" count="11" type="stmt"/>
        <line num="172" count="2" type="stmt"/>
        <line num="193" count="2" type="stmt"/>
        <line num="194" count="0" type="stmt"/>
        <line num="195" count="0" type="stmt"/>
        <line num="196" count="0" type="stmt"/>
        <line num="204" count="0" type="stmt"/>
        <line num="207" count="0" type="stmt"/>
        <line num="209" count="0" type="stmt"/>
      </file>
    </package>
    <package name="components.Common">
      <metrics statements="38" coveredstatements="27" conditionals="23" coveredconditionals="12" methods="25" coveredmethods="16"/>
      <file name="Anchor.js" path="/Users/fabiommmoreira/code/yld/yld.io/src/components/Common/Anchor.js">
        <metrics statements="4" coveredstatements="3" conditionals="2" coveredconditionals="1" methods="1" coveredmethods="1"/>
        <line num="5" count="1" type="stmt"/>
        <line num="6" count="9" type="cond" truecount="1" falsecount="1"/>
        <line num="7" count="9" type="stmt"/>
        <line num="9" count="0" type="stmt"/>
      </file>
      <file name="BlueBackground.js" path="/Users/fabiommmoreira/code/yld/yld.io/src/components/Common/BlueBackground.js">
        <metrics statements="2" coveredstatements="2" conditionals="0" coveredconditionals="0" methods="2" coveredmethods="2"/>
        <line num="4" count="1" type="stmt"/>
        <line num="5" count="1" type="stmt"/>
      </file>
      <file name="ExternalAnchor.js" path="/Users/fabiommmoreira/code/yld/yld.io/src/components/Common/ExternalAnchor.js">
        <metrics statements="2" coveredstatements="1" conditionals="3" coveredconditionals="0" methods="1" coveredmethods="0"/>
        <line num="4" count="1" type="cond" truecount="0" falsecount="1"/>
        <line num="5" count="0" type="stmt"/>
      </file>
      <file name="Image.js" path="/Users/fabiommmoreira/code/yld/yld.io/src/components/Common/Image.js">
        <metrics statements="4" coveredstatements="4" conditionals="14" coveredconditionals="9" methods="3" coveredmethods="3"/>
        <line num="5" count="2" type="stmt"/>
        <line num="6" count="2" type="cond" truecount="3" falsecount="1"/>
        <line num="24" count="2" type="cond" truecount="1" falsecount="1"/>
        <line num="25" count="2" type="cond" truecount="1" falsecount="1"/>
      </file>
      <file name="StyledLink.js" path="/Users/fabiommmoreira/code/yld/yld.io/src/components/Common/StyledLink.js">
        <metrics statements="26" coveredstatements="17" conditionals="4" coveredconditionals="2" methods="18" coveredmethods="10"/>
        <line num="8" count="1" type="stmt"/>
        <line num="14" count="2" type="stmt"/>
        <line num="18" count="2" type="stmt"/>
        <line num="27" count="2" type="stmt"/>
        <line num="33" count="0" type="stmt"/>
        <line num="38" count="2" type="stmt"/>
        <line num="39" count="2" type="stmt"/>
        <line num="44" count="2" type="stmt"/>
        <line num="45" count="2" type="stmt"/>
        <line num="51" count="2" type="stmt"/>
        <line num="54" count="2" type="stmt"/>
        <line num="59" count="0" type="stmt"/>
        <line num="62" count="0" type="stmt"/>
        <line num="63" count="0" type="stmt"/>
        <line num="68" count="0" type="stmt"/>
        <line num="69" count="0" type="stmt"/>
        <line num="75" count="0" type="stmt"/>
        <line num="78" count="0" type="stmt"/>
        <line num="84" count="1" type="stmt"/>
        <line num="88" count="1" type="stmt"/>
        <line num="92" count="1" type="stmt"/>
        <line num="96" count="1" type="stmt"/>
        <line num="97" count="2" type="cond" truecount="1" falsecount="1"/>
        <line num="104" count="2" type="cond" truecount="1" falsecount="1"/>
        <line num="105" count="2" type="stmt"/>
        <line num="112" count="0" type="stmt"/>
      </file>
    </package>
    <package name="components.OurWork">
      <metrics statements="21" coveredstatements="21" conditionals="5" coveredconditionals="5" methods="5" coveredmethods="5"/>
      <file name="CaseStudy.js" path="/Users/fabiommmoreira/code/yld/yld.io/src/components/OurWork/CaseStudy.js">
        <metrics statements="21" coveredstatements="21" conditionals="5" coveredconditionals="5" methods="5" coveredmethods="5"/>
        <line num="12" count="1" type="stmt"/>
        <line num="18" count="1" type="stmt"/>
        <line num="30" count="1" type="stmt"/>
        <line num="36" count="3" type="stmt"/>
        <line num="37" count="7" type="stmt"/>
        <line num="38" count="7" type="stmt"/>
        <line num="39" count="7" type="stmt"/>
        <line num="40" count="7" type="cond" truecount="2" falsecount="0"/>
        <line num="42" count="7" type="cond" truecount="3" falsecount="0"/>
        <line num="44" count="3" type="stmt"/>
        <line num="47" count="3" type="stmt"/>
        <line num="50" count="1" type="stmt"/>
        <line num="54" count="1" type="stmt"/>
        <line num="55" count="2" type="stmt"/>
        <line num="67" count="1" type="stmt"/>
        <line num="68" count="2" type="stmt"/>
        <line num="82" count="1" type="stmt"/>
        <line num="83" count="1" type="stmt"/>
        <line num="84" count="1" type="stmt"/>
        <line num="85" count="1" type="stmt"/>
        <line num="87" count="1" type="stmt"/>
      </file>
    </package>
    <package name="components.Speciality">
      <metrics statements="19" coveredstatements="19" conditionals="0" coveredconditionals="0" methods="12" coveredmethods="12"/>
      <file name="Intro.js" path="/Users/fabiommmoreira/code/yld/yld.io/src/components/Speciality/Intro.js">
        <metrics statements="19" coveredstatements="19" conditionals="0" coveredconditionals="0" methods="12" coveredmethods="12"/>
        <line num="13" count="1" type="stmt"/>
        <line num="17" count="1" type="stmt"/>
        <line num="22" count="1" type="stmt"/>
        <line num="23" count="3" type="stmt"/>
        <line num="24" count="3" type="stmt"/>
        <line num="27" count="3" type="stmt"/>
        <line num="28" count="3" type="stmt"/>
        <line num="29" count="3" type="stmt"/>
        <line num="30" count="3" type="stmt"/>
        <line num="34" count="1" type="stmt"/>
        <line num="35" count="1" type="stmt"/>
        <line num="36" count="1" type="stmt"/>
        <line num="39" count="1" type="stmt"/>
        <line num="43" count="1" type="stmt"/>
        <line num="44" count="3" type="stmt"/>
        <line num="56" count="1" type="stmt"/>
        <line num="58" count="1" type="stmt"/>
        <line num="62" count="1" type="stmt"/>
        <line num="63" count="1" type="stmt"/>
      </file>
    </package>
    <package name="components.Typography">
      <metrics statements="18" coveredstatements="13" conditionals="3" coveredconditionals="0" methods="9" coveredmethods="4"/>
      <file name="BodyPrimary.js" path="/Users/fabiommmoreira/code/yld/yld.io/src/components/Typography/BodyPrimary.js">
        <metrics statements="1" coveredstatements="1" conditionals="0" coveredconditionals="0" methods="0" coveredmethods="0"/>
        <line num="5" count="2" type="stmt"/>
      </file>
      <file name="BodyPrimaryStyles.js" path="/Users/fabiommmoreira/code/yld/yld.io/src/components/Typography/BodyPrimaryStyles.js">
        <metrics statements="2" coveredstatements="2" conditionals="0" coveredconditionals="0" methods="1" coveredmethods="1"/>
        <line num="6" count="2" type="stmt"/>
        <line num="7" count="11" type="stmt"/>
      </file>
      <file name="BodyStylised.js" path="/Users/fabiommmoreira/code/yld/yld.io/src/components/Typography/BodyStylised.js">
        <metrics statements="3" coveredstatements="1" conditionals="3" coveredconditionals="0" methods="2" coveredmethods="0"/>
        <line num="6" count="2" type="stmt"/>
        <line num="7" count="0" type="stmt"/>
        <line num="12" count="0" type="cond" truecount="0" falsecount="2"/>
      </file>
      <file name="CardTitle.js" path="/Users/fabiommmoreira/code/yld/yld.io/src/components/Typography/CardTitle.js">
        <metrics statements="2" coveredstatements="2" conditionals="0" coveredconditionals="0" methods="1" coveredmethods="1"/>
        <line num="8" count="2" type="stmt"/>
        <line num="9" count="3" type="stmt"/>
      </file>
      <file name="DisplayTitle.js" path="/Users/fabiommmoreira/code/yld/yld.io/src/components/Typography/DisplayTitle.js">
        <metrics statements="2" coveredstatements="1" conditionals="0" coveredconditionals="0" methods="1" coveredmethods="0"/>
        <line num="7" count="2" type="stmt"/>
        <line num="8" count="0" type="stmt"/>
      </file>
      <file name="SectionTitle.js" path="/Users/fabiommmoreira/code/yld/yld.io/src/components/Typography/SectionTitle.js">
        <metrics statements="1" coveredstatements="1" conditionals="0" coveredconditionals="0" methods="0" coveredmethods="0"/>
        <line num="4" count="2" type="stmt"/>
      </file>
      <file name="SectionTitleStyles.js" path="/Users/fabiommmoreira/code/yld/yld.io/src/components/Typography/SectionTitleStyles.js">
        <metrics statements="2" coveredstatements="2" conditionals="0" coveredconditionals="0" methods="1" coveredmethods="1"/>
        <line num="7" count="2" type="stmt"/>
        <line num="8" count="1" type="stmt"/>
      </file>
      <file name="Subtitle.js" path="/Users/fabiommmoreira/code/yld/yld.io/src/components/Typography/Subtitle.js">
        <metrics statements="1" coveredstatements="1" conditionals="0" coveredconditionals="0" methods="0" coveredmethods="0"/>
        <line num="4" count="2" type="stmt"/>
      </file>
      <file name="index.js" path="/Users/fabiommmoreira/code/yld/yld.io/src/components/Typography/index.js">
        <metrics statements="0" coveredstatements="0" conditionals="0" coveredconditionals="0" methods="0" coveredmethods="0"/>
      </file>
      <file name="modifiers.js" path="/Users/fabiommmoreira/code/yld/yld.io/src/components/Typography/modifiers.js">
        <metrics statements="4" coveredstatements="2" conditionals="0" coveredconditionals="0" methods="3" coveredmethods="1"/>
        <line num="4" count="2" type="stmt"/>
        <line num="6" count="0" type="stmt"/>
        <line num="10" count="11" type="stmt"/>
        <line num="14" count="0" type="stmt"/>
      </file>
    </package>
    <package name="utils">
      <metrics statements="11" coveredstatements="9" conditionals="8" coveredconditionals="2" methods="1" coveredmethods="1"/>
      <file name="getIntroSentence.js" path="/Users/fabiommmoreira/code/yld/yld.io/src/utils/getIntroSentence.js">
        <metrics statements="5" coveredstatements="3" conditionals="8" coveredconditionals="2" methods="1" coveredmethods="1"/>
        <line num="2" count="1" type="cond" truecount="1" falsecount="1"/>
        <line num="3" count="0" type="cond" truecount="0" falsecount="2"/>
        <line num="6" count="1" type="cond" truecount="1" falsecount="1"/>
        <line num="7" count="1" type="stmt"/>
        <line num="10" count="0" type="cond" truecount="0" falsecount="2"/>
      </file>
      <file name="theme.js" path="/Users/fabiommmoreira/code/yld/yld.io/src/utils/theme.js">
        <metrics statements="6" coveredstatements="6" conditionals="0" coveredconditionals="0" methods="0" coveredmethods="0"/>
        <line num="4" count="2" type="stmt"/>
        <line num="27" count="2" type="stmt"/>
        <line num="39" count="2" type="stmt"/>
        <line num="48" count="2" type="stmt"/>
        <line num="52" count="2" type="stmt"/>
        <line num="58" count="2" type="stmt"/>
      </file>
    </package>
    <package name="utils.tests">
      <metrics statements="2" coveredstatements="2" conditionals="0" coveredconditionals="0" methods="1" coveredmethods="1"/>
      <file name="renderComponent.js" path="/Users/fabiommmoreira/code/yld/yld.io/src/utils/tests/renderComponent.js">
        <metrics statements="2" coveredstatements="2" conditionals="0" coveredconditionals="0" methods="1" coveredmethods="1"/>
        <line num="6" count="2" type="stmt"/>
        <line num="7" count="3" type="stmt"/>
      </file>
    </package>
  </project>
</coverage>
