{"/Users/fabiommmoreira/code/yld/yld.io/src/components/grid.js": {"path":"/Users/fabiommmoreira/code/yld/yld.io/src/components/grid.js","statementMap":{"0":{"start":{"line":8,"column":12},"end":{"line":21,"column":1}},"1":{"start":{"line":9,"column":17},"end":{"line":9,"column":54}},"2":{"start":{"line":10,"column":13},"end":{"line":10,"column":22}},"3":{"start":{"line":11,"column":16},"end":{"line":11,"column":18}},"4":{"start":{"line":13,"column":2},"end":{"line":18,"column":3}},"5":{"start":{"line":14,"column":16},"end":{"line":14,"column":26}},"6":{"start":{"line":15,"column":15},"end":{"line":15,"column":47}},"7":{"start":{"line":17,"column":4},"end":{"line":17,"column":18}},"8":{"start":{"line":20,"column":2},"end":{"line":20,"column":47}},"9":{"start":{"line":20,"column":24},"end":{"line":20,"column":46}},"10":{"start":{"line":23,"column":19},"end":{"line":41,"column":1}},"11":{"start":{"line":23,"column":35},"end":{"line":41,"column":1}},"12":{"start":{"line":24,"column":12},"end":{"line":24,"column":25}},"13":{"start":{"line":25,"column":16},"end":{"line":25,"column":40}},"14":{"start":{"line":27,"column":2},"end":{"line":40,"column":28}},"15":{"start":{"line":29,"column":6},"end":{"line":36,"column":7}},"16":{"start":{"line":30,"column":19},"end":{"line":30,"column":28}},"17":{"start":{"line":31,"column":21},"end":{"line":31,"column":34}},"18":{"start":{"line":32,"column":21},"end":{"line":32,"column":31}},"19":{"start":{"line":33,"column":21},"end":{"line":33,"column":36}},"20":{"start":{"line":35,"column":8},"end":{"line":35,"column":19}},"21":{"start":{"line":38,"column":6},"end":{"line":38,"column":17}},"22":{"start":{"line":40,"column":17},"end":{"line":40,"column":27}},"23":{"start":{"line":43,"column":14},"end":{"line":43,"column":47}},"24":{"start":{"line":43,"column":20},"end":{"line":43,"column":46}},"25":{"start":{"line":44,"column":12},"end":{"line":44,"column":51}},"26":{"start":{"line":44,"column":17},"end":{"line":44,"column":51}},"27":{"start":{"line":46,"column":12},"end":{"line":46,"column":34}},"28":{"start":{"line":46,"column":20},"end":{"line":46,"column":34}},"29":{"start":{"line":47,"column":13},"end":{"line":47,"column":35}},"30":{"start":{"line":47,"column":21},"end":{"line":47,"column":35}},"31":{"start":{"line":48,"column":14},"end":{"line":49,"column":69}},"32":{"start":{"line":49,"column":2},"end":{"line":49,"column":69}},"33":{"start":{"line":51,"column":14},"end":{"line":67,"column":1}},"34":{"start":{"line":51,"column":23},"end":{"line":67,"column":1}},"35":{"start":{"line":52,"column":2},"end":{"line":59,"column":3}},"36":{"start":{"line":53,"column":4},"end":{"line":58,"column":5}},"37":{"start":{"line":61,"column":2},"end":{"line":66,"column":3}},"38":{"start":{"line":68,"column":11},"end":{"line":68,"column":39}},"39":{"start":{"line":68,"column":17},"end":{"line":68,"column":38}},"40":{"start":{"line":70,"column":14},"end":{"line":79,"column":1}},"41":{"start":{"line":70,"column":23},"end":{"line":79,"column":1}},"42":{"start":{"line":71,"column":17},"end":{"line":71,"column":30}},"43":{"start":{"line":72,"column":15},"end":{"line":72,"column":47}},"44":{"start":{"line":73,"column":15},"end":{"line":73,"column":36}},"45":{"start":{"line":74,"column":14},"end":{"line":74,"column":30}},"46":{"start":{"line":75,"column":14},"end":{"line":75,"column":69}},"47":{"start":{"line":76,"column":16},"end":{"line":76,"column":57}},"48":{"start":{"line":76,"column":35},"end":{"line":76,"column":55}},"49":{"start":{"line":78,"column":2},"end":{"line":78,"column":14}},"50":{"start":{"line":81,"column":19},"end":{"line":88,"column":1}},"51":{"start":{"line":90,"column":14},"end":{"line":90,"column":64}},"52":{"start":{"line":90,"column":26},"end":{"line":90,"column":64}},"53":{"start":{"line":91,"column":13},"end":{"line":91,"column":66}},"54":{"start":{"line":91,"column":25},"end":{"line":91,"column":66}},"55":{"start":{"line":92,"column":13},"end":{"line":92,"column":50}},"56":{"start":{"line":92,"column":25},"end":{"line":92,"column":50}},"57":{"start":{"line":93,"column":15},"end":{"line":93,"column":72}},"58":{"start":{"line":93,"column":27},"end":{"line":93,"column":72}},"59":{"start":{"line":94,"column":14},"end":{"line":94,"column":49}},"60":{"start":{"line":94,"column":26},"end":{"line":94,"column":49}},"61":{"start":{"line":95,"column":16},"end":{"line":95,"column":55}},"62":{"start":{"line":95,"column":28},"end":{"line":95,"column":55}},"63":{"start":{"line":96,"column":14},"end":{"line":96,"column":43}},"64":{"start":{"line":96,"column":26},"end":{"line":96,"column":43}},"65":{"start":{"line":98,"column":16},"end":{"line":109,"column":2}},"66":{"start":{"line":98,"column":23},"end":{"line":109,"column":1}},"67":{"start":{"line":111,"column":19},"end":{"line":135,"column":1}},"68":{"start":{"line":134,"column":13},"end":{"line":134,"column":23}},"69":{"start":{"line":137,"column":13},"end":{"line":148,"column":1}},"70":{"start":{"line":141,"column":13},"end":{"line":141,"column":23}},"71":{"start":{"line":144,"column":4},"end":{"line":147,"column":3}},"72":{"start":{"line":150,"column":20},"end":{"line":152,"column":1}},"73":{"start":{"line":151,"column":2},"end":{"line":151,"column":66}},"74":{"start":{"line":154,"column":19},"end":{"line":168,"column":1}},"75":{"start":{"line":158,"column":4},"end":{"line":161,"column":3}},"76":{"start":{"line":164,"column":4},"end":{"line":167,"column":3}},"77":{"start":{"line":170,"column":19},"end":{"line":170,"column":77}},"78":{"start":{"line":170,"column":28},"end":{"line":170,"column":77}},"79":{"start":{"line":172,"column":0},"end":{"line":174,"column":1}},"80":{"start":{"line":193,"column":28},"end":{"line":217,"column":1}},"81":{"start":{"line":194,"column":39},"end":{"line":194,"column":53}},"82":{"start":{"line":195,"column":16},"end":{"line":195,"column":58}},"83":{"start":{"line":196,"column":23},"end":{"line":202,"column":3}},"84":{"start":{"line":204,"column":2},"end":{"line":216,"column":3}},"85":{"start":{"line":207,"column":22},"end":{"line":207,"column":50}},"86":{"start":{"line":209,"column":8},"end":{"line":213,"column":10}}},"fnMap":{"0":{"name":"(anonymous_0)","decl":{"start":{"line":8,"column":12},"end":{"line":8,"column":13}},"loc":{"start":{"line":8,"column":21},"end":{"line":21,"column":1}},"line":8},"1":{"name":"(anonymous_1)","decl":{"start":{"line":20,"column":19},"end":{"line":20,"column":20}},"loc":{"start":{"line":20,"column":24},"end":{"line":20,"column":46}},"line":20},"2":{"name":"(anonymous_2)","decl":{"start":{"line":23,"column":19},"end":{"line":23,"column":20}},"loc":{"start":{"line":23,"column":35},"end":{"line":41,"column":1}},"line":23},"3":{"name":"(anonymous_3)","decl":{"start":{"line":23,"column":35},"end":{"line":23,"column":36}},"loc":{"start":{"line":23,"column":49},"end":{"line":41,"column":1}},"line":23},"4":{"name":"(anonymous_4)","decl":{"start":{"line":28,"column":9},"end":{"line":28,"column":10}},"loc":{"start":{"line":28,"column":19},"end":{"line":39,"column":5}},"line":28},"5":{"name":"(anonymous_5)","decl":{"start":{"line":40,"column":12},"end":{"line":40,"column":13}},"loc":{"start":{"line":40,"column":17},"end":{"line":40,"column":27}},"line":40},"6":{"name":"(anonymous_6)","decl":{"start":{"line":43,"column":14},"end":{"line":43,"column":15}},"loc":{"start":{"line":43,"column":20},"end":{"line":43,"column":46}},"line":43},"7":{"name":"(anonymous_7)","decl":{"start":{"line":44,"column":12},"end":{"line":44,"column":13}},"loc":{"start":{"line":44,"column":17},"end":{"line":44,"column":51}},"line":44},"8":{"name":"(anonymous_8)","decl":{"start":{"line":46,"column":12},"end":{"line":46,"column":13}},"loc":{"start":{"line":46,"column":20},"end":{"line":46,"column":34}},"line":46},"9":{"name":"(anonymous_9)","decl":{"start":{"line":47,"column":13},"end":{"line":47,"column":14}},"loc":{"start":{"line":47,"column":21},"end":{"line":47,"column":35}},"line":47},"10":{"name":"(anonymous_10)","decl":{"start":{"line":48,"column":14},"end":{"line":48,"column":15}},"loc":{"start":{"line":49,"column":2},"end":{"line":49,"column":69}},"line":49},"11":{"name":"(anonymous_11)","decl":{"start":{"line":51,"column":14},"end":{"line":51,"column":15}},"loc":{"start":{"line":51,"column":23},"end":{"line":67,"column":1}},"line":51},"12":{"name":"(anonymous_12)","decl":{"start":{"line":51,"column":23},"end":{"line":51,"column":24}},"loc":{"start":{"line":51,"column":35},"end":{"line":67,"column":1}},"line":51},"13":{"name":"(anonymous_13)","decl":{"start":{"line":68,"column":11},"end":{"line":68,"column":12}},"loc":{"start":{"line":68,"column":17},"end":{"line":68,"column":38}},"line":68},"14":{"name":"(anonymous_14)","decl":{"start":{"line":70,"column":14},"end":{"line":70,"column":15}},"loc":{"start":{"line":70,"column":23},"end":{"line":79,"column":1}},"line":70},"15":{"name":"(anonymous_15)","decl":{"start":{"line":70,"column":23},"end":{"line":70,"column":24}},"loc":{"start":{"line":70,"column":35},"end":{"line":79,"column":1}},"line":70},"16":{"name":"(anonymous_16)","decl":{"start":{"line":76,"column":30},"end":{"line":76,"column":31}},"loc":{"start":{"line":76,"column":35},"end":{"line":76,"column":55}},"line":76},"17":{"name":"(anonymous_17)","decl":{"start":{"line":90,"column":14},"end":{"line":90,"column":15}},"loc":{"start":{"line":90,"column":26},"end":{"line":90,"column":64}},"line":90},"18":{"name":"(anonymous_18)","decl":{"start":{"line":91,"column":13},"end":{"line":91,"column":14}},"loc":{"start":{"line":91,"column":25},"end":{"line":91,"column":66}},"line":91},"19":{"name":"(anonymous_19)","decl":{"start":{"line":92,"column":13},"end":{"line":92,"column":14}},"loc":{"start":{"line":92,"column":25},"end":{"line":92,"column":50}},"line":92},"20":{"name":"(anonymous_20)","decl":{"start":{"line":93,"column":15},"end":{"line":93,"column":16}},"loc":{"start":{"line":93,"column":27},"end":{"line":93,"column":72}},"line":93},"21":{"name":"(anonymous_21)","decl":{"start":{"line":94,"column":14},"end":{"line":94,"column":15}},"loc":{"start":{"line":94,"column":26},"end":{"line":94,"column":49}},"line":94},"22":{"name":"(anonymous_22)","decl":{"start":{"line":95,"column":16},"end":{"line":95,"column":17}},"loc":{"start":{"line":95,"column":28},"end":{"line":95,"column":55}},"line":95},"23":{"name":"(anonymous_23)","decl":{"start":{"line":96,"column":14},"end":{"line":96,"column":15}},"loc":{"start":{"line":96,"column":26},"end":{"line":96,"column":43}},"line":96},"24":{"name":"(anonymous_24)","decl":{"start":{"line":98,"column":16},"end":{"line":98,"column":17}},"loc":{"start":{"line":98,"column":23},"end":{"line":109,"column":1}},"line":98},"25":{"name":"(anonymous_25)","decl":{"start":{"line":134,"column":4},"end":{"line":134,"column":5}},"loc":{"start":{"line":134,"column":13},"end":{"line":134,"column":23}},"line":134},"26":{"name":"(anonymous_26)","decl":{"start":{"line":141,"column":4},"end":{"line":141,"column":5}},"loc":{"start":{"line":141,"column":13},"end":{"line":141,"column":23}},"line":141},"27":{"name":"(anonymous_27)","decl":{"start":{"line":143,"column":4},"end":{"line":143,"column":5}},"loc":{"start":{"line":144,"column":4},"end":{"line":147,"column":3}},"line":144},"28":{"name":"(anonymous_28)","decl":{"start":{"line":150,"column":20},"end":{"line":150,"column":21}},"loc":{"start":{"line":151,"column":2},"end":{"line":151,"column":66}},"line":151},"29":{"name":"(anonymous_29)","decl":{"start":{"line":157,"column":4},"end":{"line":157,"column":5}},"loc":{"start":{"line":158,"column":4},"end":{"line":161,"column":3}},"line":158},"30":{"name":"(anonymous_30)","decl":{"start":{"line":163,"column":4},"end":{"line":163,"column":5}},"loc":{"start":{"line":164,"column":4},"end":{"line":167,"column":3}},"line":164},"31":{"name":"(anonymous_31)","decl":{"start":{"line":170,"column":19},"end":{"line":170,"column":20}},"loc":{"start":{"line":170,"column":28},"end":{"line":170,"column":77}},"line":170},"32":{"name":"(anonymous_32)","decl":{"start":{"line":193,"column":28},"end":{"line":193,"column":29}},"loc":{"start":{"line":193,"column":59},"end":{"line":217,"column":1}},"line":193},"33":{"name":"(anonymous_33)","decl":{"start":{"line":206,"column":17},"end":{"line":206,"column":18}},"loc":{"start":{"line":206,"column":32},"end":{"line":214,"column":7}},"line":206}},"branchMap":{"0":{"loc":{"start":{"line":25,"column":16},"end":{"line":25,"column":40}},"type":"binary-expr","locations":[{"start":{"line":25,"column":16},"end":{"line":25,"column":23}},{"start":{"line":25,"column":27},"end":{"line":25,"column":32}},{"start":{"line":25,"column":36},"end":{"line":25,"column":40}}],"line":25},"1":{"loc":{"start":{"line":29,"column":6},"end":{"line":36,"column":7}},"type":"if","locations":[{"start":{"line":29,"column":6},"end":{"line":36,"column":7}},{"start":{"line":29,"column":6},"end":{"line":36,"column":7}}],"line":29},"2":{"loc":{"start":{"line":43,"column":20},"end":{"line":43,"column":46}},"type":"cond-expr","locations":[{"start":{"line":43,"column":39},"end":{"line":43,"column":40}},{"start":{"line":43,"column":43},"end":{"line":43,"column":46}}],"line":43},"3":{"loc":{"start":{"line":44,"column":17},"end":{"line":44,"column":51}},"type":"binary-expr","locations":[{"start":{"line":44,"column":17},"end":{"line":44,"column":38}},{"start":{"line":44,"column":42},"end":{"line":44,"column":51}}],"line":44},"4":{"loc":{"start":{"line":49,"column":2},"end":{"line":49,"column":69}},"type":"cond-expr","locations":[{"start":{"line":49,"column":7},"end":{"line":49,"column":62}},{"start":{"line":49,"column":65},"end":{"line":49,"column":69}}],"line":49},"5":{"loc":{"start":{"line":52,"column":2},"end":{"line":59,"column":3}},"type":"if","locations":[{"start":{"line":52,"column":2},"end":{"line":59,"column":3}},{"start":{"line":52,"column":2},"end":{"line":59,"column":3}}],"line":52},"6":{"loc":{"start":{"line":62,"column":20},"end":{"line":62,"column":60}},"type":"cond-expr","locations":[{"start":{"line":62,"column":39},"end":{"line":62,"column":44}},{"start":{"line":62,"column":47},"end":{"line":62,"column":60}}],"line":62},"7":{"loc":{"start":{"line":62,"column":20},"end":{"line":62,"column":36}},"type":"binary-expr","locations":[{"start":{"line":62,"column":20},"end":{"line":62,"column":27}},{"start":{"line":62,"column":31},"end":{"line":62,"column":36}}],"line":62},"8":{"loc":{"start":{"line":68,"column":17},"end":{"line":68,"column":38}},"type":"cond-expr","locations":[{"start":{"line":68,"column":26},"end":{"line":68,"column":34}},{"start":{"line":68,"column":37},"end":{"line":68,"column":38}}],"line":68},"9":{"loc":{"start":{"line":72,"column":15},"end":{"line":72,"column":47}},"type":"cond-expr","locations":[{"start":{"line":72,"column":27},"end":{"line":72,"column":35}},{"start":{"line":72,"column":38},"end":{"line":72,"column":47}}],"line":72},"10":{"loc":{"start":{"line":73,"column":15},"end":{"line":73,"column":36}},"type":"binary-expr","locations":[{"start":{"line":73,"column":15},"end":{"line":73,"column":28}},{"start":{"line":73,"column":32},"end":{"line":73,"column":36}}],"line":73},"11":{"loc":{"start":{"line":74,"column":14},"end":{"line":74,"column":30}},"type":"cond-expr","locations":[{"start":{"line":74,"column":22},"end":{"line":74,"column":25}},{"start":{"line":74,"column":28},"end":{"line":74,"column":30}}],"line":74},"12":{"loc":{"start":{"line":75,"column":14},"end":{"line":75,"column":69}},"type":"cond-expr","locations":[{"start":{"line":75,"column":24},"end":{"line":75,"column":25}},{"start":{"line":75,"column":28},"end":{"line":75,"column":69}}],"line":75},"13":{"loc":{"start":{"line":75,"column":35},"end":{"line":75,"column":68}},"type":"binary-expr","locations":[{"start":{"line":75,"column":35},"end":{"line":75,"column":53}},{"start":{"line":75,"column":57},"end":{"line":75,"column":68}}],"line":75},"14":{"loc":{"start":{"line":90,"column":42},"end":{"line":90,"column":62}},"type":"cond-expr","locations":[{"start":{"line":90,"column":46},"end":{"line":90,"column":53}},{"start":{"line":90,"column":56},"end":{"line":90,"column":62}}],"line":90},"15":{"loc":{"start":{"line":91,"column":43},"end":{"line":91,"column":64}},"type":"cond-expr","locations":[{"start":{"line":91,"column":47},"end":{"line":91,"column":53}},{"start":{"line":91,"column":56},"end":{"line":91,"column":64}}],"line":91},"16":{"loc":{"start":{"line":93,"column":50},"end":{"line":93,"column":70}},"type":"cond-expr","locations":[{"start":{"line":93,"column":54},"end":{"line":93,"column":62}},{"start":{"line":93,"column":65},"end":{"line":93,"column":70}}],"line":93},"17":{"loc":{"start":{"line":144,"column":4},"end":{"line":147,"column":3}},"type":"binary-expr","locations":[{"start":{"line":144,"column":4},"end":{"line":144,"column":15}},{"start":{"line":145,"column":4},"end":{"line":147,"column":3}}],"line":144},"18":{"loc":{"start":{"line":158,"column":4},"end":{"line":161,"column":3}},"type":"binary-expr","locations":[{"start":{"line":158,"column":4},"end":{"line":158,"column":16}},{"start":{"line":159,"column":4},"end":{"line":161,"column":3}}],"line":158},"19":{"loc":{"start":{"line":164,"column":4},"end":{"line":167,"column":3}},"type":"binary-expr","locations":[{"start":{"line":164,"column":4},"end":{"line":164,"column":17}},{"start":{"line":165,"column":4},"end":{"line":167,"column":3}}],"line":164},"20":{"loc":{"start":{"line":210,"column":17},"end":{"line":210,"column":43}},"type":"binary-expr","locations":[{"start":{"line":210,"column":17},"end":{"line":210,"column":34}},{"start":{"line":210,"column":38},"end":{"line":210,"column":43}}],"line":210},"21":{"loc":{"start":{"line":211,"column":15},"end":{"line":211,"column":37}},"type":"binary-expr","locations":[{"start":{"line":211,"column":15},"end":{"line":211,"column":30}},{"start":{"line":211,"column":34},"end":{"line":211,"column":37}}],"line":211}},"s":{"0":2,"1":16,"2":16,"3":16,"4":16,"5":109,"6":109,"7":109,"8":16,"9":109,"10":2,"11":109,"12":109,"13":109,"14":109,"15":257,"16":178,"17":178,"18":178,"19":178,"20":178,"21":79,"22":257,"23":2,"24":109,"25":2,"26":157,"27":2,"28":281,"29":2,"30":113,"31":2,"32":178,"33":2,"34":16,"35":54,"36":10,"37":44,"38":2,"39":0,"40":2,"41":32,"42":113,"43":113,"44":113,"45":113,"46":113,"47":113,"48":226,"49":113,"50":2,"51":2,"52":11,"53":2,"54":0,"55":2,"56":0,"57":2,"58":0,"59":2,"60":0,"61":2,"62":0,"63":2,"64":0,"65":2,"66":16,"67":2,"68":1,"69":2,"70":15,"71":15,"72":2,"73":1,"74":2,"75":4,"76":4,"77":2,"78":11,"79":2,"80":2,"81":0,"82":0,"83":0,"84":0,"85":0,"86":0},"f":{"0":16,"1":109,"2":109,"3":109,"4":257,"5":257,"6":109,"7":157,"8":281,"9":113,"10":178,"11":16,"12":54,"13":0,"14":32,"15":113,"16":226,"17":11,"18":0,"19":0,"20":0,"21":0,"22":0,"23":0,"24":16,"25":1,"26":15,"27":15,"28":1,"29":4,"30":4,"31":11,"32":0,"33":0},"b":{"0":[109,87,70],"1":[178,79],"2":[32,77],"3":[157,156],"4":[114,64],"5":[10,44],"6":[0,44],"7":[44,44],"8":[0,0],"9":[29,84],"10":[113,0],"11":[12,101],"12":[1,112],"13":[112,0],"14":[11,0],"15":[0,0],"16":[0,0],"17":[15,11],"18":[4,0],"19":[4,0],"20":[0,0],"21":[0,0]},"_coverageSchema":"332fd63041d2c1bcb487cc26dd0d5f7d97098a6c","hash":"540ad31a22b50c35f370f4e5b6641a410ac83188"}
,"/Users/fabiommmoreira/code/yld/yld.io/src/components/Common/Anchor.js": {"path":"/Users/fabiommmoreira/code/yld/yld.io/src/components/Common/Anchor.js","statementMap":{"0":{"start":{"line":5,"column":15},"end":{"line":11,"column":1}},"1":{"start":{"line":6,"column":2},"end":{"line":10,"column":3}},"2":{"start":{"line":7,"column":4},"end":{"line":7,"column":72}},"3":{"start":{"line":9,"column":4},"end":{"line":9,"column":52}}},"fnMap":{"0":{"name":"(anonymous_0)","decl":{"start":{"line":5,"column":15},"end":{"line":5,"column":16}},"loc":{"start":{"line":5,"column":60},"end":{"line":11,"column":1}},"line":5}},"branchMap":{"0":{"loc":{"start":{"line":6,"column":2},"end":{"line":10,"column":3}},"type":"if","locations":[{"start":{"line":6,"column":2},"end":{"line":10,"column":3}},{"start":{"line":6,"column":2},"end":{"line":10,"column":3}}],"line":6}},"s":{"0":1,"1":9,"2":9,"3":0},"f":{"0":9},"b":{"0":[9,0]},"_coverageSchema":"332fd63041d2c1bcb487cc26dd0d5f7d97098a6c","hash":"f72a5e631d01e144eeb6faec2dd31ad92eaf6abc"}
,"/Users/fabiommmoreira/code/yld/yld.io/src/components/Common/BlueBackground.js": {"path":"/Users/fabiommmoreira/code/yld/yld.io/src/components/Common/BlueBackground.js","statementMap":{"0":{"start":{"line":4,"column":31},"end":{"line":4,"column":50}},"1":{"start":{"line":5,"column":26},"end":{"line":5,"column":44}}},"fnMap":{"0":{"name":"(anonymous_0)","decl":{"start":{"line":4,"column":16},"end":{"line":4,"column":17}},"loc":{"start":{"line":4,"column":31},"end":{"line":4,"column":50}},"line":4},"1":{"name":"(anonymous_1)","decl":{"start":{"line":5,"column":11},"end":{"line":5,"column":12}},"loc":{"start":{"line":5,"column":26},"end":{"line":5,"column":44}},"line":5}},"branchMap":{},"s":{"0":1,"1":1},"f":{"0":1,"1":1},"b":{},"_coverageSchema":"332fd63041d2c1bcb487cc26dd0d5f7d97098a6c","hash":"f801caa331a3501ee353824645ee082bb446f10b"}
,"/Users/fabiommmoreira/code/yld/yld.io/src/components/Common/ExternalAnchor.js": {"path":"/Users/fabiommmoreira/code/yld/yld.io/src/components/Common/ExternalAnchor.js","statementMap":{"0":{"start":{"line":4,"column":23},"end":{"line":14,"column":1}},"1":{"start":{"line":5,"column":2},"end":{"line":13,"column":3}}},"fnMap":{"0":{"name":"(anonymous_0)","decl":{"start":{"line":4,"column":23},"end":{"line":4,"column":24}},"loc":{"start":{"line":4,"column":75},"end":{"line":14,"column":1}},"line":4}},"branchMap":{"0":{"loc":{"start":{"line":4,"column":36},"end":{"line":4,"column":58}},"type":"default-arg","locations":[{"start":{"line":4,"column":54},"end":{"line":4,"column":58}}],"line":4},"1":{"loc":{"start":{"line":8,"column":14},"end":{"line":8,"column":52}},"type":"cond-expr","locations":[{"start":{"line":8,"column":32},"end":{"line":8,"column":40}},{"start":{"line":8,"column":43},"end":{"line":8,"column":52}}],"line":8}},"s":{"0":1,"1":0},"f":{"0":0},"b":{"0":[0],"1":[0,0]},"_coverageSchema":"332fd63041d2c1bcb487cc26dd0d5f7d97098a6c","hash":"acf94868b4ae91e570bc605f11be48616df6a747"}
,"/Users/fabiommmoreira/code/yld/yld.io/src/components/Common/Image.js": {"path":"/Users/fabiommmoreira/code/yld/yld.io/src/components/Common/Image.js","statementMap":{"0":{"start":{"line":5,"column":14},"end":{"line":21,"column":1}},"1":{"start":{"line":6,"column":2},"end":{"line":20,"column":3}},"2":{"start":{"line":24,"column":21},"end":{"line":24,"column":60}},"3":{"start":{"line":25,"column":22},"end":{"line":25,"column":63}}},"fnMap":{"0":{"name":"(anonymous_0)","decl":{"start":{"line":5,"column":14},"end":{"line":5,"column":15}},"loc":{"start":{"line":5,"column":55},"end":{"line":21,"column":1}},"line":5},"1":{"name":"(anonymous_1)","decl":{"start":{"line":24,"column":11},"end":{"line":24,"column":12}},"loc":{"start":{"line":24,"column":21},"end":{"line":24,"column":60}},"line":24},"2":{"name":"(anonymous_2)","decl":{"start":{"line":25,"column":12},"end":{"line":25,"column":13}},"loc":{"start":{"line":25,"column":22},"end":{"line":25,"column":63}},"line":25}},"branchMap":{"0":{"loc":{"start":{"line":6,"column":9},"end":{"line":20,"column":3}},"type":"cond-expr","locations":[{"start":{"line":7,"column":4},"end":{"line":12,"column":6}},{"start":{"line":14,"column":4},"end":{"line":19,"column":6}}],"line":6},"1":{"loc":{"start":{"line":6,"column":10},"end":{"line":6,"column":27}},"type":"binary-expr","locations":[{"start":{"line":6,"column":10},"end":{"line":6,"column":21}},{"start":{"line":6,"column":25},"end":{"line":6,"column":27}}],"line":6},"2":{"loc":{"start":{"line":8,"column":11},"end":{"line":8,"column":29}},"type":"binary-expr","locations":[{"start":{"line":8,"column":11},"end":{"line":8,"column":14}},{"start":{"line":8,"column":18},"end":{"line":8,"column":29}}],"line":8},"3":{"loc":{"start":{"line":15,"column":11},"end":{"line":15,"column":29}},"type":"binary-expr","locations":[{"start":{"line":15,"column":11},"end":{"line":15,"column":14}},{"start":{"line":15,"column":18},"end":{"line":15,"column":29}}],"line":15},"4":{"loc":{"start":{"line":16,"column":12},"end":{"line":16,"column":28}},"type":"binary-expr","locations":[{"start":{"line":16,"column":12},"end":{"line":16,"column":22}},{"start":{"line":16,"column":26},"end":{"line":16,"column":28}}],"line":16},"5":{"loc":{"start":{"line":24,"column":21},"end":{"line":24,"column":60}},"type":"cond-expr","locations":[{"start":{"line":24,"column":35},"end":{"line":24,"column":51}},{"start":{"line":24,"column":54},"end":{"line":24,"column":60}}],"line":24},"6":{"loc":{"start":{"line":25,"column":22},"end":{"line":25,"column":63}},"type":"cond-expr","locations":[{"start":{"line":25,"column":37},"end":{"line":25,"column":54}},{"start":{"line":25,"column":57},"end":{"line":25,"column":63}}],"line":25}},"s":{"0":2,"1":2,"2":2,"3":2},"f":{"0":2,"1":2,"2":2},"b":{"0":[0,2],"1":[2,2],"2":[0,0],"3":[2,1],"4":[2,1],"5":[0,2],"6":[0,2]},"_coverageSchema":"332fd63041d2c1bcb487cc26dd0d5f7d97098a6c","hash":"af9d0c806a0098d9d058b0b5aed8192a26852121"}
,"/Users/fabiommmoreira/code/yld/yld.io/src/components/Common/StyledLink.js": {"path":"/Users/fabiommmoreira/code/yld/yld.io/src/components/Common/StyledLink.js","statementMap":{"0":{"start":{"line":8,"column":29},"end":{"line":82,"column":1}},"1":{"start":{"line":14,"column":26},"end":{"line":14,"column":43}},"2":{"start":{"line":18,"column":35},"end":{"line":18,"column":56}},"3":{"start":{"line":27,"column":33},"end":{"line":27,"column":50}},"4":{"start":{"line":33,"column":35},"end":{"line":33,"column":53}},"5":{"start":{"line":38,"column":33},"end":{"line":38,"column":52}},"6":{"start":{"line":39,"column":28},"end":{"line":39,"column":45}},"7":{"start":{"line":44,"column":50},"end":{"line":44,"column":70}},"8":{"start":{"line":45,"column":28},"end":{"line":45,"column":45}},"9":{"start":{"line":51,"column":28},"end":{"line":51,"column":45}},"10":{"start":{"line":54,"column":35},"end":{"line":54,"column":52}},"11":{"start":{"line":59,"column":28},"end":{"line":59,"column":46}},"12":{"start":{"line":62,"column":35},"end":{"line":62,"column":53}},"13":{"start":{"line":63,"column":30},"end":{"line":63,"column":48}},"14":{"start":{"line":68,"column":52},"end":{"line":68,"column":72}},"15":{"start":{"line":69,"column":30},"end":{"line":69,"column":48}},"16":{"start":{"line":75,"column":30},"end":{"line":75,"column":47}},"17":{"start":{"line":78,"column":37},"end":{"line":78,"column":54}},"18":{"start":{"line":84,"column":24},"end":{"line":86,"column":1}},"19":{"start":{"line":88,"column":15},"end":{"line":90,"column":1}},"20":{"start":{"line":92,"column":23},"end":{"line":94,"column":1}},"21":{"start":{"line":96,"column":19},"end":{"line":117,"column":1}},"22":{"start":{"line":97,"column":24},"end":{"line":102,"column":8}},"23":{"start":{"line":104,"column":2},"end":{"line":110,"column":3}},"24":{"start":{"line":105,"column":4},"end":{"line":109,"column":5}},"25":{"start":{"line":112,"column":2},"end":{"line":116,"column":3}}},"fnMap":{"0":{"name":"(anonymous_0)","decl":{"start":{"line":14,"column":11},"end":{"line":14,"column":12}},"loc":{"start":{"line":14,"column":26},"end":{"line":14,"column":43}},"line":14},"1":{"name":"(anonymous_1)","decl":{"start":{"line":18,"column":20},"end":{"line":18,"column":21}},"loc":{"start":{"line":18,"column":35},"end":{"line":18,"column":56}},"line":18},"2":{"name":"(anonymous_2)","decl":{"start":{"line":27,"column":18},"end":{"line":27,"column":19}},"loc":{"start":{"line":27,"column":33},"end":{"line":27,"column":50}},"line":27},"3":{"name":"(anonymous_3)","decl":{"start":{"line":33,"column":20},"end":{"line":33,"column":21}},"loc":{"start":{"line":33,"column":35},"end":{"line":33,"column":53}},"line":33},"4":{"name":"(anonymous_4)","decl":{"start":{"line":38,"column":18},"end":{"line":38,"column":19}},"loc":{"start":{"line":38,"column":33},"end":{"line":38,"column":52}},"line":38},"5":{"name":"(anonymous_5)","decl":{"start":{"line":39,"column":13},"end":{"line":39,"column":14}},"loc":{"start":{"line":39,"column":28},"end":{"line":39,"column":45}},"line":39},"6":{"name":"(anonymous_6)","decl":{"start":{"line":44,"column":35},"end":{"line":44,"column":36}},"loc":{"start":{"line":44,"column":50},"end":{"line":44,"column":70}},"line":44},"7":{"name":"(anonymous_7)","decl":{"start":{"line":45,"column":13},"end":{"line":45,"column":14}},"loc":{"start":{"line":45,"column":28},"end":{"line":45,"column":45}},"line":45},"8":{"name":"(anonymous_8)","decl":{"start":{"line":51,"column":13},"end":{"line":51,"column":14}},"loc":{"start":{"line":51,"column":28},"end":{"line":51,"column":45}},"line":51},"9":{"name":"(anonymous_9)","decl":{"start":{"line":54,"column":20},"end":{"line":54,"column":21}},"loc":{"start":{"line":54,"column":35},"end":{"line":54,"column":52}},"line":54},"10":{"name":"(anonymous_10)","decl":{"start":{"line":59,"column":13},"end":{"line":59,"column":14}},"loc":{"start":{"line":59,"column":28},"end":{"line":59,"column":46}},"line":59},"11":{"name":"(anonymous_11)","decl":{"start":{"line":62,"column":20},"end":{"line":62,"column":21}},"loc":{"start":{"line":62,"column":35},"end":{"line":62,"column":53}},"line":62},"12":{"name":"(anonymous_12)","decl":{"start":{"line":63,"column":15},"end":{"line":63,"column":16}},"loc":{"start":{"line":63,"column":30},"end":{"line":63,"column":48}},"line":63},"13":{"name":"(anonymous_13)","decl":{"start":{"line":68,"column":37},"end":{"line":68,"column":38}},"loc":{"start":{"line":68,"column":52},"end":{"line":68,"column":72}},"line":68},"14":{"name":"(anonymous_14)","decl":{"start":{"line":69,"column":15},"end":{"line":69,"column":16}},"loc":{"start":{"line":69,"column":30},"end":{"line":69,"column":48}},"line":69},"15":{"name":"(anonymous_15)","decl":{"start":{"line":75,"column":15},"end":{"line":75,"column":16}},"loc":{"start":{"line":75,"column":30},"end":{"line":75,"column":47}},"line":75},"16":{"name":"(anonymous_16)","decl":{"start":{"line":78,"column":22},"end":{"line":78,"column":23}},"loc":{"start":{"line":78,"column":37},"end":{"line":78,"column":54}},"line":78},"17":{"name":"(anonymous_17)","decl":{"start":{"line":96,"column":19},"end":{"line":96,"column":20}},"loc":{"start":{"line":96,"column":67},"end":{"line":117,"column":1}},"line":96}},"branchMap":{"0":{"loc":{"start":{"line":97,"column":24},"end":{"line":102,"column":8}},"type":"cond-expr","locations":[{"start":{"line":98,"column":6},"end":{"line":101,"column":7}},{"start":{"line":102,"column":6},"end":{"line":102,"column":8}}],"line":97},"1":{"loc":{"start":{"line":104,"column":2},"end":{"line":110,"column":3}},"type":"if","locations":[{"start":{"line":104,"column":2},"end":{"line":110,"column":3}},{"start":{"line":104,"column":2},"end":{"line":110,"column":3}}],"line":104}},"s":{"0":1,"1":2,"2":2,"3":2,"4":0,"5":2,"6":2,"7":2,"8":2,"9":2,"10":2,"11":0,"12":0,"13":0,"14":0,"15":0,"16":0,"17":0,"18":1,"19":1,"20":1,"21":1,"22":2,"23":2,"24":2,"25":0},"f":{"0":2,"1":2,"2":2,"3":0,"4":2,"5":2,"6":2,"7":2,"8":2,"9":2,"10":0,"11":0,"12":0,"13":0,"14":0,"15":0,"16":0,"17":2},"b":{"0":[0,2],"1":[2,0]},"_coverageSchema":"332fd63041d2c1bcb487cc26dd0d5f7d97098a6c","hash":"8fc027a5e761719e6b1c00f304f550de2714e393"}
,"/Users/fabiommmoreira/code/yld/yld.io/src/components/OurWork/CaseStudy.js": {"path":"/Users/fabiommmoreira/code/yld/yld.io/src/components/OurWork/CaseStudy.js","statementMap":{"0":{"start":{"line":12,"column":22},"end":{"line":16,"column":1}},"1":{"start":{"line":18,"column":21},"end":{"line":28,"column":1}},"2":{"start":{"line":30,"column":26},"end":{"line":34,"column":1}},"3":{"start":{"line":36,"column":20},"end":{"line":52,"column":2}},"4":{"start":{"line":36,"column":38},"end":{"line":52,"column":2}},"5":{"start":{"line":37,"column":24},"end":{"line":37,"column":53}},"6":{"start":{"line":38,"column":17},"end":{"line":38,"column":46}},"7":{"start":{"line":39,"column":15},"end":{"line":39,"column":41}},"8":{"start":{"line":40,"column":18},"end":{"line":40,"column":71}},"9":{"start":{"line":42,"column":2},"end":{"line":51,"column":3}},"10":{"start":{"line":44,"column":6},"end":{"line":44,"column":55}},"11":{"start":{"line":47,"column":6},"end":{"line":47,"column":62}},"12":{"start":{"line":50,"column":6},"end":{"line":50,"column":62}},"13":{"start":{"line":54,"column":21},"end":{"line":65,"column":1}},"14":{"start":{"line":55,"column":2},"end":{"line":64,"column":3}},"15":{"start":{"line":67,"column":20},"end":{"line":80,"column":1}},"16":{"start":{"line":68,"column":2},"end":{"line":79,"column":13}},"17":{"start":{"line":82,"column":18},"end":{"line":116,"column":1}},"18":{"start":{"line":83,"column":49},"end":{"line":83,"column":58}},"19":{"start":{"line":84,"column":24},"end":{"line":84,"column":51}},"20":{"start":{"line":85,"column":24},"end":{"line":85,"column":45}},"21":{"start":{"line":87,"column":2},"end":{"line":115,"column":3}}},"fnMap":{"0":{"name":"(anonymous_0)","decl":{"start":{"line":36,"column":20},"end":{"line":36,"column":21}},"loc":{"start":{"line":36,"column":38},"end":{"line":52,"column":2}},"line":36},"1":{"name":"(anonymous_1)","decl":{"start":{"line":36,"column":51},"end":{"line":36,"column":52}},"loc":{"start":{"line":36,"column":71},"end":{"line":52,"column":1}},"line":36},"2":{"name":"(anonymous_2)","decl":{"start":{"line":54,"column":21},"end":{"line":54,"column":22}},"loc":{"start":{"line":54,"column":52},"end":{"line":65,"column":1}},"line":54},"3":{"name":"(anonymous_3)","decl":{"start":{"line":67,"column":20},"end":{"line":67,"column":21}},"loc":{"start":{"line":68,"column":2},"end":{"line":79,"column":13}},"line":68},"4":{"name":"(anonymous_4)","decl":{"start":{"line":82,"column":18},"end":{"line":82,"column":19}},"loc":{"start":{"line":82,"column":37},"end":{"line":116,"column":1}},"line":82}},"branchMap":{"0":{"loc":{"start":{"line":40,"column":18},"end":{"line":40,"column":71}},"type":"cond-expr","locations":[{"start":{"line":40,"column":25},"end":{"line":40,"column":61}},{"start":{"line":40,"column":64},"end":{"line":40,"column":71}}],"line":40},"1":{"loc":{"start":{"line":42,"column":2},"end":{"line":51,"column":3}},"type":"switch","locations":[{"start":{"line":43,"column":4},"end":{"line":44,"column":55}},{"start":{"line":45,"column":4},"end":{"line":47,"column":62}},{"start":{"line":48,"column":4},"end":{"line":50,"column":62}}],"line":42}},"s":{"0":1,"1":1,"2":1,"3":1,"4":3,"5":7,"6":7,"7":7,"8":7,"9":7,"10":3,"11":3,"12":1,"13":1,"14":2,"15":1,"16":2,"17":1,"18":1,"19":1,"20":1,"21":1},"f":{"0":3,"1":7,"2":2,"3":2,"4":1},"b":{"0":[6,1],"1":[3,3,1]},"_coverageSchema":"332fd63041d2c1bcb487cc26dd0d5f7d97098a6c","hash":"7069d8126bcf94d3cea92705ae15846c604fe125"}
,"/Users/fabiommmoreira/code/yld/yld.io/src/components/Speciality/Intro.js": {"path":"/Users/fabiommmoreira/code/yld/yld.io/src/components/Speciality/Intro.js","statementMap":{"0":{"start":{"line":13,"column":20},"end":{"line":15,"column":1}},"1":{"start":{"line":17,"column":29},"end":{"line":20,"column":1}},"2":{"start":{"line":22,"column":34},"end":{"line":32,"column":1}},"3":{"start":{"line":23,"column":32},"end":{"line":23,"column":46}},"4":{"start":{"line":24,"column":35},"end":{"line":24,"column":49}},"5":{"start":{"line":27,"column":36},"end":{"line":27,"column":50}},"6":{"start":{"line":28,"column":39},"end":{"line":28,"column":53}},"7":{"start":{"line":29,"column":37},"end":{"line":29,"column":51}},"8":{"start":{"line":30,"column":38},"end":{"line":30,"column":52}},"9":{"start":{"line":34,"column":28},"end":{"line":41,"column":1}},"10":{"start":{"line":35,"column":32},"end":{"line":35,"column":46}},"11":{"start":{"line":36,"column":35},"end":{"line":36,"column":49}},"12":{"start":{"line":39,"column":37},"end":{"line":39,"column":51}},"13":{"start":{"line":43,"column":23},"end":{"line":54,"column":1}},"14":{"start":{"line":44,"column":2},"end":{"line":53,"column":16}},"15":{"start":{"line":56,"column":22},"end":{"line":60,"column":1}},"16":{"start":{"line":58,"column":37},"end":{"line":58,"column":51}},"17":{"start":{"line":62,"column":21},"end":{"line":114,"column":1}},"18":{"start":{"line":63,"column":2},"end":{"line":113,"column":25}}},"fnMap":{"0":{"name":"(anonymous_0)","decl":{"start":{"line":23,"column":17},"end":{"line":23,"column":18}},"loc":{"start":{"line":23,"column":32},"end":{"line":23,"column":46}},"line":23},"1":{"name":"(anonymous_1)","decl":{"start":{"line":24,"column":20},"end":{"line":24,"column":21}},"loc":{"start":{"line":24,"column":35},"end":{"line":24,"column":49}},"line":24},"2":{"name":"(anonymous_2)","decl":{"start":{"line":27,"column":21},"end":{"line":27,"column":22}},"loc":{"start":{"line":27,"column":36},"end":{"line":27,"column":50}},"line":27},"3":{"name":"(anonymous_3)","decl":{"start":{"line":28,"column":24},"end":{"line":28,"column":25}},"loc":{"start":{"line":28,"column":39},"end":{"line":28,"column":53}},"line":28},"4":{"name":"(anonymous_4)","decl":{"start":{"line":29,"column":22},"end":{"line":29,"column":23}},"loc":{"start":{"line":29,"column":37},"end":{"line":29,"column":51}},"line":29},"5":{"name":"(anonymous_5)","decl":{"start":{"line":30,"column":23},"end":{"line":30,"column":24}},"loc":{"start":{"line":30,"column":38},"end":{"line":30,"column":52}},"line":30},"6":{"name":"(anonymous_6)","decl":{"start":{"line":35,"column":17},"end":{"line":35,"column":18}},"loc":{"start":{"line":35,"column":32},"end":{"line":35,"column":46}},"line":35},"7":{"name":"(anonymous_7)","decl":{"start":{"line":36,"column":20},"end":{"line":36,"column":21}},"loc":{"start":{"line":36,"column":35},"end":{"line":36,"column":49}},"line":36},"8":{"name":"(anonymous_8)","decl":{"start":{"line":39,"column":22},"end":{"line":39,"column":23}},"loc":{"start":{"line":39,"column":37},"end":{"line":39,"column":51}},"line":39},"9":{"name":"(anonymous_9)","decl":{"start":{"line":43,"column":23},"end":{"line":43,"column":24}},"loc":{"start":{"line":44,"column":2},"end":{"line":53,"column":16}},"line":44},"10":{"name":"(anonymous_10)","decl":{"start":{"line":58,"column":22},"end":{"line":58,"column":23}},"loc":{"start":{"line":58,"column":37},"end":{"line":58,"column":51}},"line":58},"11":{"name":"(anonymous_11)","decl":{"start":{"line":62,"column":21},"end":{"line":62,"column":22}},"loc":{"start":{"line":63,"column":2},"end":{"line":113,"column":25}},"line":63}},"branchMap":{},"s":{"0":1,"1":1,"2":1,"3":3,"4":3,"5":3,"6":3,"7":3,"8":3,"9":1,"10":1,"11":1,"12":1,"13":1,"14":3,"15":1,"16":1,"17":1,"18":1},"f":{"0":3,"1":3,"2":3,"3":3,"4":3,"5":3,"6":1,"7":1,"8":1,"9":3,"10":1,"11":1},"b":{},"_coverageSchema":"332fd63041d2c1bcb487cc26dd0d5f7d97098a6c","hash":"14578ffc18f31baab9c5085d001b5292be8be6e0"}
,"/Users/fabiommmoreira/code/yld/yld.io/src/components/Typography/BodyPrimary.js": {"path":"/Users/fabiommmoreira/code/yld/yld.io/src/components/Typography/BodyPrimary.js","statementMap":{"0":{"start":{"line":5,"column":20},"end":{"line":11,"column":1}}},"fnMap":{},"branchMap":{},"s":{"0":2},"f":{},"b":{},"_coverageSchema":"332fd63041d2c1bcb487cc26dd0d5f7d97098a6c","hash":"39b369d8c2586f2cbcb11f75396710cd9ea34485"}
,"/Users/fabiommmoreira/code/yld/yld.io/src/components/Typography/BodyPrimaryStyles.js": {"path":"/Users/fabiommmoreira/code/yld/yld.io/src/components/Typography/BodyPrimaryStyles.js","statementMap":{"0":{"start":{"line":6,"column":26},"end":{"line":13,"column":1}},"1":{"start":{"line":7,"column":20},"end":{"line":7,"column":43}}},"fnMap":{"0":{"name":"(anonymous_0)","decl":{"start":{"line":7,"column":11},"end":{"line":7,"column":12}},"loc":{"start":{"line":7,"column":20},"end":{"line":7,"column":43}},"line":7}},"branchMap":{},"s":{"0":2,"1":11},"f":{"0":11},"b":{},"_coverageSchema":"332fd63041d2c1bcb487cc26dd0d5f7d97098a6c","hash":"4d12aa8a65b60996d573058ced083acf15669f54"}
,"/Users/fabiommmoreira/code/yld/yld.io/src/components/Typography/BodyStylised.js": {"path":"/Users/fabiommmoreira/code/yld/yld.io/src/components/Typography/BodyStylised.js","statementMap":{"0":{"start":{"line":6,"column":21},"end":{"line":22,"column":1}},"1":{"start":{"line":7,"column":20},"end":{"line":7,"column":52}},"2":{"start":{"line":12,"column":4},"end":{"line":19,"column":45}}},"fnMap":{"0":{"name":"(anonymous_0)","decl":{"start":{"line":7,"column":11},"end":{"line":7,"column":12}},"loc":{"start":{"line":7,"column":20},"end":{"line":7,"column":52}},"line":7},"1":{"name":"(anonymous_1)","decl":{"start":{"line":11,"column":4},"end":{"line":11,"column":5}},"loc":{"start":{"line":12,"column":4},"end":{"line":19,"column":45}},"line":12}},"branchMap":{"0":{"loc":{"start":{"line":11,"column":7},"end":{"line":11,"column":20}},"type":"default-arg","locations":[{"start":{"line":11,"column":15},"end":{"line":11,"column":20}}],"line":11},"1":{"loc":{"start":{"line":12,"column":4},"end":{"line":19,"column":45}},"type":"cond-expr","locations":[{"start":{"line":13,"column":8},"end":{"line":16,"column":3}},{"start":{"line":17,"column":8},"end":{"line":19,"column":45}}],"line":12}},"s":{"0":2,"1":0,"2":0},"f":{"0":0,"1":0},"b":{"0":[0],"1":[0,0]},"_coverageSchema":"332fd63041d2c1bcb487cc26dd0d5f7d97098a6c","hash":"d5a658ffcc01053f8e33fe26a4d44430fa9a3ffe"}
,"/Users/fabiommmoreira/code/yld/yld.io/src/components/Typography/CardTitle.js": {"path":"/Users/fabiommmoreira/code/yld/yld.io/src/components/Typography/CardTitle.js","statementMap":{"0":{"start":{"line":8,"column":18},"end":{"line":31,"column":1}},"1":{"start":{"line":9,"column":20},"end":{"line":9,"column":43}}},"fnMap":{"0":{"name":"(anonymous_0)","decl":{"start":{"line":9,"column":11},"end":{"line":9,"column":12}},"loc":{"start":{"line":9,"column":20},"end":{"line":9,"column":43}},"line":9}},"branchMap":{},"s":{"0":2,"1":3},"f":{"0":3},"b":{},"_coverageSchema":"332fd63041d2c1bcb487cc26dd0d5f7d97098a6c","hash":"fab086c458275d1202d12d0f141101caa633fb1a"}
,"/Users/fabiommmoreira/code/yld/yld.io/src/components/Typography/DisplayTitle.js": {"path":"/Users/fabiommmoreira/code/yld/yld.io/src/components/Typography/DisplayTitle.js","statementMap":{"0":{"start":{"line":7,"column":21},"end":{"line":21,"column":1}},"1":{"start":{"line":8,"column":20},"end":{"line":8,"column":43}}},"fnMap":{"0":{"name":"(anonymous_0)","decl":{"start":{"line":8,"column":11},"end":{"line":8,"column":12}},"loc":{"start":{"line":8,"column":20},"end":{"line":8,"column":43}},"line":8}},"branchMap":{},"s":{"0":2,"1":0},"f":{"0":0},"b":{},"_coverageSchema":"332fd63041d2c1bcb487cc26dd0d5f7d97098a6c","hash":"fa1bfab22007fa2a32be11f91f13a72633e41d8d"}
,"/Users/fabiommmoreira/code/yld/yld.io/src/components/Typography/SectionTitle.js": {"path":"/Users/fabiommmoreira/code/yld/yld.io/src/components/Typography/SectionTitle.js","statementMap":{"0":{"start":{"line":4,"column":33},"end":{"line":6,"column":1}}},"fnMap":{},"branchMap":{},"s":{"0":2},"f":{},"b":{},"_coverageSchema":"332fd63041d2c1bcb487cc26dd0d5f7d97098a6c","hash":"dbc90a5c8cd3a0847c9c2326fa4e156d6038c627"}
,"/Users/fabiommmoreira/code/yld/yld.io/src/components/Typography/SectionTitleStyles.js": {"path":"/Users/fabiommmoreira/code/yld/yld.io/src/components/Typography/SectionTitleStyles.js","statementMap":{"0":{"start":{"line":7,"column":27},"end":{"line":21,"column":1}},"1":{"start":{"line":8,"column":20},"end":{"line":8,"column":43}}},"fnMap":{"0":{"name":"(anonymous_0)","decl":{"start":{"line":8,"column":11},"end":{"line":8,"column":12}},"loc":{"start":{"line":8,"column":20},"end":{"line":8,"column":43}},"line":8}},"branchMap":{},"s":{"0":2,"1":1},"f":{"0":1},"b":{},"_coverageSchema":"332fd63041d2c1bcb487cc26dd0d5f7d97098a6c","hash":"45bfaeba776a68a087059eb38b958bae14494786"}
,"/Users/fabiommmoreira/code/yld/yld.io/src/components/Typography/Subtitle.js": {"path":"/Users/fabiommmoreira/code/yld/yld.io/src/components/Typography/Subtitle.js","statementMap":{"0":{"start":{"line":4,"column":17},"end":{"line":7,"column":1}}},"fnMap":{},"branchMap":{},"s":{"0":2},"f":{},"b":{},"_coverageSchema":"332fd63041d2c1bcb487cc26dd0d5f7d97098a6c","hash":"c9dd8b3b5d561ab62b769772a94309f610d5bf6a"}
,"/Users/fabiommmoreira/code/yld/yld.io/src/components/Typography/index.js": {"path":"/Users/fabiommmoreira/code/yld/yld.io/src/components/Typography/index.js","statementMap":{},"fnMap":{},"branchMap":{},"s":{},"f":{},"b":{},"_coverageSchema":"332fd63041d2c1bcb487cc26dd0d5f7d97098a6c","hash":"bf1724b7fbdfcb08e6573a864b0c537f8ffadca3"}
,"/Users/fabiommmoreira/code/yld/yld.io/src/components/Typography/modifiers.js": {"path":"/Users/fabiommmoreira/code/yld/yld.io/src/components/Typography/modifiers.js","statementMap":{"0":{"start":{"line":4,"column":18},"end":{"line":32,"column":1}},"1":{"start":{"line":6,"column":22},"end":{"line":6,"column":54}},"2":{"start":{"line":10,"column":22},"end":{"line":10,"column":46}},"3":{"start":{"line":14,"column":22},"end":{"line":14,"column":50}}},"fnMap":{"0":{"name":"(anonymous_0)","decl":{"start":{"line":6,"column":13},"end":{"line":6,"column":14}},"loc":{"start":{"line":6,"column":22},"end":{"line":6,"column":54}},"line":6},"1":{"name":"(anonymous_1)","decl":{"start":{"line":10,"column":13},"end":{"line":10,"column":14}},"loc":{"start":{"line":10,"column":22},"end":{"line":10,"column":46}},"line":10},"2":{"name":"(anonymous_2)","decl":{"start":{"line":14,"column":13},"end":{"line":14,"column":14}},"loc":{"start":{"line":14,"column":22},"end":{"line":14,"column":50}},"line":14}},"branchMap":{},"s":{"0":2,"1":0,"2":11,"3":0},"f":{"0":0,"1":11,"2":0},"b":{},"_coverageSchema":"332fd63041d2c1bcb487cc26dd0d5f7d97098a6c","hash":"b06eba4f956c92d3df2c8b42e3fc4d70ba516ba4"}
,"/Users/fabiommmoreira/code/yld/yld.io/src/utils/getIntroSentence.js": {"path":"/Users/fabiommmoreira/code/yld/yld.io/src/utils/getIntroSentence.js","statementMap":{"0":{"start":{"line":2,"column":2},"end":{"line":4,"column":3}},"1":{"start":{"line":3,"column":4},"end":{"line":3,"column":48}},"2":{"start":{"line":6,"column":2},"end":{"line":8,"column":3}},"3":{"start":{"line":7,"column":4},"end":{"line":7,"column":34}},"4":{"start":{"line":10,"column":2},"end":{"line":10,"column":54}}},"fnMap":{"0":{"name":"(anonymous_0)","decl":{"start":{"line":1,"column":15},"end":{"line":1,"column":16}},"loc":{"start":{"line":1,"column":28},"end":{"line":11,"column":1}},"line":1}},"branchMap":{"0":{"loc":{"start":{"line":2,"column":2},"end":{"line":4,"column":3}},"type":"if","locations":[{"start":{"line":2,"column":2},"end":{"line":4,"column":3}},{"start":{"line":2,"column":2},"end":{"line":4,"column":3}}],"line":2},"1":{"loc":{"start":{"line":3,"column":12},"end":{"line":3,"column":33}},"type":"binary-expr","locations":[{"start":{"line":3,"column":12},"end":{"line":3,"column":27}},{"start":{"line":3,"column":31},"end":{"line":3,"column":33}}],"line":3},"2":{"loc":{"start":{"line":6,"column":2},"end":{"line":8,"column":3}},"type":"if","locations":[{"start":{"line":6,"column":2},"end":{"line":8,"column":3}},{"start":{"line":6,"column":2},"end":{"line":8,"column":3}}],"line":6},"3":{"loc":{"start":{"line":10,"column":10},"end":{"line":10,"column":39}},"type":"binary-expr","locations":[{"start":{"line":10,"column":10},"end":{"line":10,"column":33}},{"start":{"line":10,"column":37},"end":{"line":10,"column":39}}],"line":10}},"s":{"0":1,"1":0,"2":1,"3":1,"4":0},"f":{"0":1},"b":{"0":[0,1],"1":[0,0],"2":[1,0],"3":[0,0]},"_coverageSchema":"332fd63041d2c1bcb487cc26dd0d5f7d97098a6c","hash":"4fb4b4a22b318a180f4ef5fd41f33f668dfe2016"}
,"/Users/fabiommmoreira/code/yld/yld.io/src/utils/theme.js": {"path":"/Users/fabiommmoreira/code/yld/yld.io/src/utils/theme.js","statementMap":{"0":{"start":{"line":4,"column":23},"end":{"line":24,"column":1}},"1":{"start":{"line":27,"column":21},"end":{"line":37,"column":1}},"2":{"start":{"line":39,"column":27},"end":{"line":46,"column":1}},"3":{"start":{"line":48,"column":21},"end":{"line":50,"column":1}},"4":{"start":{"line":52,"column":24},"end":{"line":56,"column":1}},"5":{"start":{"line":58,"column":24},"end":{"line":72,"column":1}}},"fnMap":{},"branchMap":{},"s":{"0":2,"1":2,"2":2,"3":2,"4":2,"5":2},"f":{},"b":{},"_coverageSchema":"332fd63041d2c1bcb487cc26dd0d5f7d97098a6c","hash":"a115ce5ab9f40b7298a2179e3c41a150af10efa8"}
,"/Users/fabiommmoreira/code/yld/yld.io/src/utils/tests/renderComponent.js": {"path":"/Users/fabiommmoreira/code/yld/yld.io/src/utils/tests/renderComponent.js","statementMap":{"0":{"start":{"line":6,"column":24},"end":{"line":9,"column":13}},"1":{"start":{"line":7,"column":2},"end":{"line":9,"column":13}}},"fnMap":{"0":{"name":"(anonymous_0)","decl":{"start":{"line":6,"column":24},"end":{"line":6,"column":25}},"loc":{"start":{"line":7,"column":2},"end":{"line":9,"column":13}},"line":7}},"branchMap":{},"s":{"0":2,"1":3},"f":{"0":3},"b":{},"_coverageSchema":"332fd63041d2c1bcb487cc26dd0d5f7d97098a6c","hash":"d91eb3a4370cbe7625a9b50a5088288ca83cfba5"}
}
