TN:
SF:/Users/fabiommmoreira/code/yld/yld.io/src/components/grid.js
FN:8,(anonymous_0)
FN:20,(anonymous_1)
FN:23,(anonymous_2)
FN:23,(anonymous_3)
FN:28,(anonymous_4)
FN:40,(anonymous_5)
FN:43,(anonymous_6)
FN:44,(anonymous_7)
FN:46,(anonymous_8)
FN:47,(anonymous_9)
FN:48,(anonymous_10)
FN:51,(anonymous_11)
FN:51,(anonymous_12)
FN:68,(anonymous_13)
FN:70,(anonymous_14)
FN:70,(anonymous_15)
FN:76,(anonymous_16)
FN:90,(anonymous_17)
FN:91,(anonymous_18)
FN:92,(anonymous_19)
FN:93,(anonymous_20)
FN:94,(anonymous_21)
FN:95,(anonymous_22)
FN:96,(anonymous_23)
FN:98,(anonymous_24)
FN:134,(anonymous_25)
FN:141,(anonymous_26)
FN:143,(anonymous_27)
FN:150,(anonymous_28)
FN:157,(anonymous_29)
FN:163,(anonymous_30)
FN:170,(anonymous_31)
FN:193,(anonymous_32)
FN:206,(anonymous_33)
FNF:34
FNH:25
FNDA:16,(anonymous_0)
FNDA:109,(anonymous_1)
FNDA:109,(anonymous_2)
FNDA:109,(anonymous_3)
FNDA:257,(anonymous_4)
FNDA:257,(anonymous_5)
FNDA:109,(anonymous_6)
FNDA:157,(anonymous_7)
FNDA:281,(anonymous_8)
FNDA:113,(anonymous_9)
FNDA:178,(anonymous_10)
FNDA:16,(anonymous_11)
FNDA:54,(anonymous_12)
FNDA:0,(anonymous_13)
FNDA:32,(anonymous_14)
FNDA:113,(anonymous_15)
FNDA:226,(anonymous_16)
FNDA:11,(anonymous_17)
FNDA:0,(anonymous_18)
FNDA:0,(anonymous_19)
FNDA:0,(anonymous_20)
FNDA:0,(anonymous_21)
FNDA:0,(anonymous_22)
FNDA:0,(anonymous_23)
FNDA:16,(anonymous_24)
FNDA:1,(anonymous_25)
FNDA:15,(anonymous_26)
FNDA:15,(anonymous_27)
FNDA:1,(anonymous_28)
FNDA:4,(anonymous_29)
FNDA:4,(anonymous_30)
FNDA:11,(anonymous_31)
FNDA:0,(anonymous_32)
FNDA:0,(anonymous_33)
DA:8,2
DA:9,16
DA:10,16
DA:11,16
DA:13,16
DA:14,109
DA:15,109
DA:17,109
DA:20,109
DA:23,109
DA:24,109
DA:25,109
DA:27,109
DA:29,257
DA:30,178
DA:31,178
DA:32,178
DA:33,178
DA:35,178
DA:38,79
DA:40,257
DA:43,109
DA:44,157
DA:46,281
DA:47,113
DA:48,2
DA:49,178
DA:51,16
DA:52,54
DA:53,10
DA:61,44
DA:68,2
DA:70,32
DA:71,113
DA:72,113
DA:73,113
DA:74,113
DA:75,113
DA:76,226
DA:78,113
DA:81,2
DA:90,11
DA:91,2
DA:92,2
DA:93,2
DA:94,2
DA:95,2
DA:96,2
DA:98,16
DA:111,2
DA:134,1
DA:137,2
DA:141,15
DA:144,15
DA:150,2
DA:151,1
DA:154,2
DA:158,4
DA:164,4
DA:170,11
DA:172,2
DA:193,2
DA:194,0
DA:195,0
DA:196,0
DA:204,0
DA:207,0
DA:209,0
LF:68
LH:62
BRDA:25,0,0,109
BRDA:25,0,1,87
BRDA:25,0,2,70
BRDA:29,1,0,178
BRDA:29,1,1,79
BRDA:43,2,0,32
BRDA:43,2,1,77
BRDA:44,3,0,157
BRDA:44,3,1,156
BRDA:49,4,0,114
BRDA:49,4,1,64
BRDA:52,5,0,10
BRDA:52,5,1,44
BRDA:62,6,0,0
BRDA:62,6,1,44
BRDA:62,7,0,44
BRDA:62,7,1,44
BRDA:68,8,0,0
BRDA:68,8,1,0
BRDA:72,9,0,29
BRDA:72,9,1,84
BRDA:73,10,0,113
BRDA:73,10,1,0
BRDA:74,11,0,12
BRDA:74,11,1,101
BRDA:75,12,0,1
BRDA:75,12,1,112
BRDA:75,13,0,112
BRDA:75,13,1,0
BRDA:90,14,0,11
BRDA:90,14,1,0
BRDA:91,15,0,0
BRDA:91,15,1,0
BRDA:93,16,0,0
BRDA:93,16,1,0
BRDA:144,17,0,15
BRDA:144,17,1,11
BRDA:158,18,0,4
BRDA:158,18,1,0
BRDA:164,19,0,4
BRDA:164,19,1,0
BRDA:210,20,0,0
BRDA:210,20,1,0
BRDA:211,21,0,0
BRDA:211,21,1,0
BRF:45
BRH:29
end_of_record
TN:
SF:/Users/fabiommmoreira/code/yld/yld.io/src/components/Common/Anchor.js
FN:5,(anonymous_0)
FNF:1
FNH:1
FNDA:9,(anonymous_0)
DA:5,1
DA:6,9
DA:7,9
DA:9,0
LF:4
LH:3
BRDA:6,0,0,9
BRDA:6,0,1,0
BRF:2
BRH:1
end_of_record
TN:
SF:/Users/fabiommmoreira/code/yld/yld.io/src/components/Common/BlueBackground.js
FN:4,(anonymous_0)
FN:5,(anonymous_1)
FNF:2
FNH:2
FNDA:1,(anonymous_0)
FNDA:1,(anonymous_1)
DA:4,1
DA:5,1
LF:2
LH:2
BRF:0
BRH:0
end_of_record
TN:
SF:/Users/fabiommmoreira/code/yld/yld.io/src/components/Common/ExternalAnchor.js
FN:4,(anonymous_0)
FNF:1
FNH:0
FNDA:0,(anonymous_0)
DA:4,1
DA:5,0
LF:2
LH:1
BRDA:4,0,0,0
BRDA:8,1,0,0
BRDA:8,1,1,0
BRF:3
BRH:0
end_of_record
TN:
SF:/Users/fabiommmoreira/code/yld/yld.io/src/components/Common/Image.js
FN:5,(anonymous_0)
FN:24,(anonymous_1)
FN:25,(anonymous_2)
FNF:3
FNH:3
FNDA:2,(anonymous_0)
FNDA:2,(anonymous_1)
FNDA:2,(anonymous_2)
DA:5,2
DA:6,2
DA:24,2
DA:25,2
LF:4
LH:4
BRDA:6,0,0,0
BRDA:6,0,1,2
BRDA:6,1,0,2
BRDA:6,1,1,2
BRDA:8,2,0,0
BRDA:8,2,1,0
BRDA:15,3,0,2
BRDA:15,3,1,1
BRDA:16,4,0,2
BRDA:16,4,1,1
BRDA:24,5,0,0
BRDA:24,5,1,2
BRDA:25,6,0,0
BRDA:25,6,1,2
BRF:14
BRH:9
end_of_record
TN:
SF:/Users/fabiommmoreira/code/yld/yld.io/src/components/Common/StyledLink.js
FN:14,(anonymous_0)
FN:18,(anonymous_1)
FN:27,(anonymous_2)
FN:33,(anonymous_3)
FN:38,(anonymous_4)
FN:39,(anonymous_5)
FN:44,(anonymous_6)
FN:45,(anonymous_7)
FN:51,(anonymous_8)
FN:54,(anonymous_9)
FN:59,(anonymous_10)
FN:62,(anonymous_11)
FN:63,(anonymous_12)
FN:68,(anonymous_13)
FN:69,(anonymous_14)
FN:75,(anonymous_15)
FN:78,(anonymous_16)
FN:96,(anonymous_17)
FNF:18
FNH:10
FNDA:2,(anonymous_0)
FNDA:2,(anonymous_1)
FNDA:2,(anonymous_2)
FNDA:0,(anonymous_3)
FNDA:2,(anonymous_4)
FNDA:2,(anonymous_5)
FNDA:2,(anonymous_6)
FNDA:2,(anonymous_7)
FNDA:2,(anonymous_8)
FNDA:2,(anonymous_9)
FNDA:0,(anonymous_10)
FNDA:0,(anonymous_11)
FNDA:0,(anonymous_12)
FNDA:0,(anonymous_13)
FNDA:0,(anonymous_14)
FNDA:0,(anonymous_15)
FNDA:0,(anonymous_16)
FNDA:2,(anonymous_17)
DA:8,1
DA:14,2
DA:18,2
DA:27,2
DA:33,0
DA:38,2
DA:39,2
DA:44,2
DA:45,2
DA:51,2
DA:54,2
DA:59,0
DA:62,0
DA:63,0
DA:68,0
DA:69,0
DA:75,0
DA:78,0
DA:84,1
DA:88,1
DA:92,1
DA:96,1
DA:97,2
DA:104,2
DA:105,2
DA:112,0
LF:26
LH:17
BRDA:97,0,0,0
BRDA:97,0,1,2
BRDA:104,1,0,2
BRDA:104,1,1,0
BRF:4
BRH:2
end_of_record
TN:
SF:/Users/fabiommmoreira/code/yld/yld.io/src/components/OurWork/CaseStudy.js
FN:36,(anonymous_0)
FN:36,(anonymous_1)
FN:54,(anonymous_2)
FN:67,(anonymous_3)
FN:82,(anonymous_4)
FNF:5
FNH:5
FNDA:3,(anonymous_0)
FNDA:7,(anonymous_1)
FNDA:2,(anonymous_2)
FNDA:2,(anonymous_3)
FNDA:1,(anonymous_4)
DA:12,1
DA:18,1
DA:30,1
DA:36,3
DA:37,7
DA:38,7
DA:39,7
DA:40,7
DA:42,7
DA:44,3
DA:47,3
DA:50,1
DA:54,1
DA:55,2
DA:67,1
DA:68,2
DA:82,1
DA:83,1
DA:84,1
DA:85,1
DA:87,1
LF:21
LH:21
BRDA:40,0,0,6
BRDA:40,0,1,1
BRDA:42,1,0,3
BRDA:42,1,1,3
BRDA:42,1,2,1
BRF:5
BRH:5
end_of_record
TN:
SF:/Users/fabiommmoreira/code/yld/yld.io/src/components/Speciality/Intro.js
FN:23,(anonymous_0)
FN:24,(anonymous_1)
FN:27,(anonymous_2)
FN:28,(anonymous_3)
FN:29,(anonymous_4)
FN:30,(anonymous_5)
FN:35,(anonymous_6)
FN:36,(anonymous_7)
FN:39,(anonymous_8)
FN:43,(anonymous_9)
FN:58,(anonymous_10)
FN:62,(anonymous_11)
FNF:12
FNH:12
FNDA:3,(anonymous_0)
FNDA:3,(anonymous_1)
FNDA:3,(anonymous_2)
FNDA:3,(anonymous_3)
FNDA:3,(anonymous_4)
FNDA:3,(anonymous_5)
FNDA:1,(anonymous_6)
FNDA:1,(anonymous_7)
FNDA:1,(anonymous_8)
FNDA:3,(anonymous_9)
FNDA:1,(anonymous_10)
FNDA:1,(anonymous_11)
DA:13,1
DA:17,1
DA:22,1
DA:23,3
DA:24,3
DA:27,3
DA:28,3
DA:29,3
DA:30,3
DA:34,1
DA:35,1
DA:36,1
DA:39,1
DA:43,1
DA:44,3
DA:56,1
DA:58,1
DA:62,1
DA:63,1
LF:19
LH:19
BRF:0
BRH:0
end_of_record
TN:
SF:/Users/fabiommmoreira/code/yld/yld.io/src/components/Typography/BodyPrimary.js
FNF:0
FNH:0
DA:5,2
LF:1
LH:1
BRF:0
BRH:0
end_of_record
TN:
SF:/Users/fabiommmoreira/code/yld/yld.io/src/components/Typography/BodyPrimaryStyles.js
FN:7,(anonymous_0)
FNF:1
FNH:1
FNDA:11,(anonymous_0)
DA:6,2
DA:7,11
LF:2
LH:2
BRF:0
BRH:0
end_of_record
TN:
SF:/Users/fabiommmoreira/code/yld/yld.io/src/components/Typography/BodyStylised.js
FN:7,(anonymous_0)
FN:11,(anonymous_1)
FNF:2
FNH:0
FNDA:0,(anonymous_0)
FNDA:0,(anonymous_1)
DA:6,2
DA:7,0
DA:12,0
LF:3
LH:1
BRDA:11,0,0,0
BRDA:12,1,0,0
BRDA:12,1,1,0
BRF:3
BRH:0
end_of_record
TN:
SF:/Users/fabiommmoreira/code/yld/yld.io/src/components/Typography/CardTitle.js
FN:9,(anonymous_0)
FNF:1
FNH:1
FNDA:3,(anonymous_0)
DA:8,2
DA:9,3
LF:2
LH:2
BRF:0
BRH:0
end_of_record
TN:
SF:/Users/fabiommmoreira/code/yld/yld.io/src/components/Typography/DisplayTitle.js
FN:8,(anonymous_0)
FNF:1
FNH:0
FNDA:0,(anonymous_0)
DA:7,2
DA:8,0
LF:2
LH:1
BRF:0
BRH:0
end_of_record
TN:
SF:/Users/fabiommmoreira/code/yld/yld.io/src/components/Typography/SectionTitle.js
FNF:0
FNH:0
DA:4,2
LF:1
LH:1
BRF:0
BRH:0
end_of_record
TN:
SF:/Users/fabiommmoreira/code/yld/yld.io/src/components/Typography/SectionTitleStyles.js
FN:8,(anonymous_0)
FNF:1
FNH:1
FNDA:1,(anonymous_0)
DA:7,2
DA:8,1
LF:2
LH:2
BRF:0
BRH:0
end_of_record
TN:
SF:/Users/fabiommmoreira/code/yld/yld.io/src/components/Typography/Subtitle.js
FNF:0
FNH:0
DA:4,2
LF:1
LH:1
BRF:0
BRH:0
end_of_record
TN:
SF:/Users/fabiommmoreira/code/yld/yld.io/src/components/Typography/index.js
FNF:0
FNH:0
LF:0
LH:0
BRF:0
BRH:0
end_of_record
TN:
SF:/Users/fabiommmoreira/code/yld/yld.io/src/components/Typography/modifiers.js
FN:6,(anonymous_0)
FN:10,(anonymous_1)
FN:14,(anonymous_2)
FNF:3
FNH:1
FNDA:0,(anonymous_0)
FNDA:11,(anonymous_1)
FNDA:0,(anonymous_2)
DA:4,2
DA:6,0
DA:10,11
DA:14,0
LF:4
LH:2
BRF:0
BRH:0
end_of_record
TN:
SF:/Users/fabiommmoreira/code/yld/yld.io/src/utils/getIntroSentence.js
FN:1,(anonymous_0)
FNF:1
FNH:1
FNDA:1,(anonymous_0)
DA:2,1
DA:3,0
DA:6,1
DA:7,1
DA:10,0
LF:5
LH:3
BRDA:2,0,0,0
BRDA:2,0,1,1
BRDA:3,1,0,0
BRDA:3,1,1,0
BRDA:6,2,0,1
BRDA:6,2,1,0
BRDA:10,3,0,0
BRDA:10,3,1,0
BRF:8
BRH:2
end_of_record
TN:
SF:/Users/fabiommmoreira/code/yld/yld.io/src/utils/theme.js
FNF:0
FNH:0
DA:4,2
DA:27,2
DA:39,2
DA:48,2
DA:52,2
DA:58,2
LF:6
LH:6
BRF:0
BRH:0
end_of_record
TN:
SF:/Users/fabiommmoreira/code/yld/yld.io/src/utils/tests/renderComponent.js
FN:6,(anonymous_0)
FNF:1
FNH:1
FNDA:3,(anonymous_0)
DA:6,2
DA:7,3
LF:2
LH:2
BRF:0
BRH:0
end_of_record
